# JRE version: OpenJDK Runtime Environment (8.0_152-b01) (build 1.8.0_152-release-915-b01)
# Java VM: OpenJDK 64-Bit Server VM (25.152-b01 mixed mode windows-amd64 compressed oops)
Heap:
 PSYoungGen      total 156672K, used 115136K [0x00000000e0000000, 0x00000000ea680000, 0x0000000100000000)
  eden space 142848K, 80% used [0x00000000e0000000,0x00000000e7070000,0x00000000e8b80000)
  from space 13824K, 0% used [0x00000000e8b80000,0x00000000e8b80000,0x00000000e9900000)
  to   space 11264K, 0% used [0x00000000e9b80000,0x00000000e9b80000,0x00000000ea680000)
 ParOldGen       total 67072K, used 14624K [0x00000000a0000000, 0x00000000a4180000, 0x00000000e0000000)
  object space 67072K, 21% used [0x00000000a0000000,0x00000000a0e482b0,0x00000000a4180000)
 Metaspace       used 42258K, capacity 43288K, committed 43520K, reserved 1087488K
  class space    used 5661K, capacity 6060K, committed 6144K, reserved 1048576K
GC Heap History (10 events):
Event: 3.855 GC heap before
{Heap before GC invocations=5 (full 1):
 PSYoungGen      total 102400K, used 4074K [0x00000000e0000000, 0x00000000e6800000, 0x0000000100000000)
  eden space 98304K, 0% used [0x00000000e0000000,0x00000000e0000000,0x00000000e6000000)
  from space 4096K, 99% used [0x00000000e6400000,0x00000000e67faa38,0x00000000e6800000)
  to   space 4096K, 0% used [0x00000000e6000000,0x00000000e6000000,0x00000000e6400000)
 ParOldGen       total 65536K, used 9872K [0x00000000a0000000, 0x00000000a4000000, 0x00000000e0000000)
  object space 65536K, 15% used [0x00000000a0000000,0x00000000a09a4338,0x00000000a4000000)
 Metaspace       used 20721K, capacity 21124K, committed 21248K, reserved 1067008K
  class space    used 2870K, capacity 3039K, committed 3072K, reserved 1048576K
Event: 3.898 GC heap after
Heap after GC invocations=5 (full 1):
 PSYoungGen      total 102400K, used 0K [0x00000000e0000000, 0x00000000e6800000, 0x0000000100000000)
  eden space 98304K, 0% used [0x00000000e0000000,0x00000000e0000000,0x00000000e6000000)
  from space 4096K, 0% used [0x00000000e6400000,0x00000000e6400000,0x00000000e6800000)
  to   space 4096K, 0% used [0x00000000e6000000,0x00000000e6000000,0x00000000e6400000)
 ParOldGen       total 52736K, used 9043K [0x00000000a0000000, 0x00000000a3380000, 0x00000000e0000000)
  object space 52736K, 17% used [0x00000000a0000000,0x00000000a08d4f48,0x00000000a3380000)
 Metaspace       used 20721K, capacity 21124K, committed 21248K, reserved 1067008K
  class space    used 2870K, capacity 3039K, committed 3072K, reserved 1048576K
}
Event: 6.510 GC heap before
{Heap before GC invocations=6 (full 1):
 PSYoungGen      total 102400K, used 98304K [0x00000000e0000000, 0x00000000e6800000, 0x0000000100000000)
  eden space 98304K, 100% used [0x00000000e0000000,0x00000000e6000000,0x00000000e6000000)
  from space 4096K, 0% used [0x00000000e6400000,0x00000000e6400000,0x00000000e6800000)
  to   space 4096K, 0% used [0x00000000e6000000,0x00000000e6000000,0x00000000e6400000)
 ParOldGen       total 52736K, used 9043K [0x00000000a0000000, 0x00000000a3380000, 0x00000000e0000000)
  object space 52736K, 17% used [0x00000000a0000000,0x00000000a08d4f48,0x00000000a3380000)
 Metaspace       used 28076K, capacity 28738K, committed 29056K, reserved 1075200K
  class space    used 3891K, capacity 4117K, committed 4224K, reserved 1048576K
Event: 6.530 GC heap after
Heap after GC invocations=6 (full 1):
 PSYoungGen      total 102400K, used 4064K [0x00000000e0000000, 0x00000000ea880000, 0x0000000100000000)
  eden space 98304K, 0% used [0x00000000e0000000,0x00000000e0000000,0x00000000e6000000)
  from space 4096K, 99% used [0x00000000e6000000,0x00000000e63f8020,0x00000000e6400000)
  to   space 13312K, 0% used [0x00000000e9b80000,0x00000000e9b80000,0x00000000ea880000)
 ParOldGen       total 52736K, used 15624K [0x00000000a0000000, 0x00000000a3380000, 0x00000000e0000000)
  object space 52736K, 29% used [0x00000000a0000000,0x00000000a0f422e0,0x00000000a3380000)
 Metaspace       used 28076K, capacity 28738K, committed 29056K, reserved 1075200K
  class space    used 3891K, capacity 4117K, committed 4224K, reserved 1048576K
}
Event: 9.870 GC heap before
{Heap before GC invocations=7 (full 1):
 PSYoungGen      total 102400K, used 102368K [0x00000000e0000000, 0x00000000ea880000, 0x0000000100000000)
  eden space 98304K, 100% used [0x00000000e0000000,0x00000000e6000000,0x00000000e6000000)
  from space 4096K, 99% used [0x00000000e6000000,0x00000000e63f8020,0x00000000e6400000)
  to   space 13312K, 0% used [0x00000000e9b80000,0x00000000e9b80000,0x00000000ea880000)
 ParOldGen       total 52736K, used 15624K [0x00000000a0000000, 0x00000000a3380000, 0x00000000e0000000)
  object space 52736K, 29% used [0x00000000a0000000,0x00000000a0f422e0,0x00000000a3380000)
 Metaspace       used 33893K, capacity 34644K, committed 34944K, reserved 1079296K
  class space    used 4627K, capacity 4942K, committed 4992K, reserved 1048576K
Event: 9.888 GC heap after
Heap after GC invocations=7 (full 1):
 PSYoungGen      total 154112K, used 10336K [0x00000000e0000000, 0x00000000ea680000, 0x0000000100000000)
  eden space 142848K, 0% used [0x00000000e0000000,0x00000000e0000000,0x00000000e8b80000)
  from space 11264K, 91% used [0x00000000e9b80000,0x00000000ea5980c0,0x00000000ea680000)
  to   space 13824K, 0% used [0x00000000e8b80000,0x00000000e8b80000,0x00000000e9900000)
 ParOldGen       total 52736K, used 15696K [0x00000000a0000000, 0x00000000a3380000, 0x00000000e0000000)
  object space 52736K, 29% used [0x00000000a0000000,0x00000000a0f542f0,0x00000000a3380000)
 Metaspace       used 33893K, capacity 34644K, committed 34944K, reserved 1079296K
  class space    used 4627K, capacity 4942K, committed 4992K, reserved 1048576K
}
Event: 9.934 GC heap before
{Heap before GC invocations=8 (full 1):
 PSYoungGen      total 154112K, used 12762K [0x00000000e0000000, 0x00000000ea680000, 0x0000000100000000)
  eden space 142848K, 1% used [0x00000000e0000000,0x00000000e025e7f0,0x00000000e8b80000)
  from space 11264K, 91% used [0x00000000e9b80000,0x00000000ea5980c0,0x00000000ea680000)
  to   space 13824K, 0% used [0x00000000e8b80000,0x00000000e8b80000,0x00000000e9900000)
 ParOldGen       total 52736K, used 15696K [0x00000000a0000000, 0x00000000a3380000, 0x00000000e0000000)
  object space 52736K, 29% used [0x00000000a0000000,0x00000000a0f542f0,0x00000000a3380000)
 Metaspace       used 34573K, capacity 35284K, committed 35416K, reserved 1079296K
  class space    used 4715K, capacity 5006K, committed 5120K, reserved 1048576K
Event: 9.946 GC heap after
Heap after GC invocations=8 (full 1):
 PSYoungGen      total 156672K, used 7205K [0x00000000e0000000, 0x00000000ea680000, 0x0000000100000000)
  eden space 142848K, 0% used [0x00000000e0000000,0x00000000e0000000,0x00000000e8b80000)
  from space 13824K, 52% used [0x00000000e8b80000,0x00000000e9289548,0x00000000e9900000)
  to   space 11264K, 0% used [0x00000000e9b80000,0x00000000e9b80000,0x00000000ea680000)
 ParOldGen       total 52736K, used 15704K [0x00000000a0000000, 0x00000000a3380000, 0x00000000e0000000)
  object space 52736K, 29% used [0x00000000a0000000,0x00000000a0f562f0,0x00000000a3380000)
 Metaspace       used 34573K, capacity 35284K, committed 35416K, reserved 1079296K
  class space    used 4715K, capacity 5006K, committed 5120K, reserved 1048576K
}
Event: 9.946 GC heap before
{Heap before GC invocations=9 (full 2):
 PSYoungGen      total 156672K, used 7205K [0x00000000e0000000, 0x00000000ea680000, 0x0000000100000000)
  eden space 142848K, 0% used [0x00000000e0000000,0x00000000e0000000,0x00000000e8b80000)
  from space 13824K, 52% used [0x00000000e8b80000,0x00000000e9289548,0x00000000e9900000)
  to   space 11264K, 0% used [0x00000000e9b80000,0x00000000e9b80000,0x00000000ea680000)
 ParOldGen       total 52736K, used 15704K [0x00000000a0000000, 0x00000000a3380000, 0x00000000e0000000)
  object space 52736K, 29% used [0x00000000a0000000,0x00000000a0f562f0,0x00000000a3380000)
 Metaspace       used 34573K, capacity 35284K, committed 35416K, reserved 1079296K
  class space    used 4715K, capacity 5006K, committed 5120K, reserved 1048576K
Event: 10.043 GC heap after
Heap after GC invocations=9 (full 2):
 PSYoungGen      total 156672K, used 0K [0x00000000e0000000, 0x00000000ea680000, 0x0000000100000000)
  eden space 142848K, 0% used [0x00000000e0000000,0x00000000e0000000,0x00000000e8b80000)
  from space 13824K, 0% used [0x00000000e8b80000,0x00000000e8b80000,0x00000000e9900000)
  to   space 11264K, 0% used [0x00000000e9b80000,0x00000000e9b80000,0x00000000ea680000)
 ParOldGen       total 67072K, used 14624K [0x00000000a0000000, 0x00000000a4180000, 0x00000000e0000000)
  object space 67072K, 21% used [0x00000000a0000000,0x00000000a0e482b0,0x00000000a4180000)
 Metaspace       used 34573K, capacity 35284K, committed 35416K, reserved 1079296K
  class space    used 4715K, capacity 5006K, committed 5120K, reserved 1048576K
}

