# JRE version: OpenJDK Runtime Environment (8.0_152-b01) (build 1.8.0_152-release-915-b01)
# Java VM: OpenJDK 64-Bit Server VM (25.152-b01 mixed mode windows-amd64 compressed oops)
Heap:
 PSYoungGen      total 57856K, used 21483K [0x00000000e0000000, 0x00000000e5700000, 0x0000000100000000)
  eden space 48640K, 44% used [0x00000000e0000000,0x00000000e14facd0,0x00000000e2f80000)
  from space 9216K, 0% used [0x00000000e3900000,0x00000000e3900000,0x00000000e4200000)
  to   space 9728K, 0% used [0x00000000e2f80000,0x00000000e2f80000,0x00000000e3900000)
 ParOldGen       total 40448K, used 16287K [0x00000000a0000000, 0x00000000a2780000, 0x00000000e0000000)
  object space 40448K, 40% used [0x00000000a0000000,0x00000000a0fe7c50,0x00000000a2780000)
 Metaspace       used 37893K, capacity 38672K, committed 38784K, reserved 1083392K
  class space    used 5125K, capacity 5435K, committed 5504K, reserved 1048576K
GC Heap History (10 events):
Event: 6.521 GC heap before
{Heap before GC invocations=8 (full 1):
 PSYoungGen      total 58368K, used 49152K [0x00000000e0000000, 0x00000000e4200000, 0x0000000100000000)
  eden space 49152K, 100% used [0x00000000e0000000,0x00000000e3000000,0x00000000e3000000)
  from space 9216K, 0% used [0x00000000e3900000,0x00000000e3900000,0x00000000e4200000)
  to   space 9216K, 0% used [0x00000000e3000000,0x00000000e3000000,0x00000000e3900000)
 ParOldGen       total 40448K, used 6476K [0x00000000a0000000, 0x00000000a2780000, 0x00000000e0000000)
  object space 40448K, 16% used [0x00000000a0000000,0x00000000a0653188,0x00000000a2780000)
 Metaspace       used 24549K, capacity 24972K, committed 25088K, reserved 1071104K
  class space    used 3381K, capacity 3569K, committed 3584K, reserved 1048576K
Event: 6.535 GC heap after
Heap after GC invocations=8 (full 1):
 PSYoungGen      total 58368K, used 5111K [0x00000000e0000000, 0x00000000e4200000, 0x0000000100000000)
  eden space 49152K, 0% used [0x00000000e0000000,0x00000000e0000000,0x00000000e3000000)
  from space 9216K, 55% used [0x00000000e3000000,0x00000000e34fdfe0,0x00000000e3900000)
  to   space 9216K, 0% used [0x00000000e3900000,0x00000000e3900000,0x00000000e4200000)
 ParOldGen       total 40448K, used 6484K [0x00000000a0000000, 0x00000000a2780000, 0x00000000e0000000)
  object space 40448K, 16% used [0x00000000a0000000,0x00000000a0655188,0x00000000a2780000)
 Metaspace       used 24549K, capacity 24972K, committed 25088K, reserved 1071104K
  class space    used 3381K, capacity 3569K, committed 3584K, reserved 1048576K
}
Event: 8.117 GC heap before
{Heap before GC invocations=9 (full 1):
 PSYoungGen      total 58368K, used 54263K [0x00000000e0000000, 0x00000000e4200000, 0x0000000100000000)
  eden space 49152K, 100% used [0x00000000e0000000,0x00000000e3000000,0x00000000e3000000)
  from space 9216K, 55% used [0x00000000e3000000,0x00000000e34fdfe0,0x00000000e3900000)
  to   space 9216K, 0% used [0x00000000e3900000,0x00000000e3900000,0x00000000e4200000)
 ParOldGen       total 40448K, used 6484K [0x00000000a0000000, 0x00000000a2780000, 0x00000000e0000000)
  object space 40448K, 16% used [0x00000000a0000000,0x00000000a0655188,0x00000000a2780000)
 Metaspace       used 28187K, capacity 28808K, committed 29056K, reserved 1075200K
  class space    used 3895K, capacity 4119K, committed 4224K, reserved 1048576K
Event: 8.138 GC heap after
Heap after GC invocations=9 (full 1):
 PSYoungGen      total 58368K, used 8140K [0x00000000e0000000, 0x00000000e4200000, 0x0000000100000000)
  eden space 49152K, 0% used [0x00000000e0000000,0x00000000e0000000,0x00000000e3000000)
  from space 9216K, 88% used [0x00000000e3900000,0x00000000e40f3170,0x00000000e4200000)
  to   space 9216K, 0% used [0x00000000e3000000,0x00000000e3000000,0x00000000e3900000)
 ParOldGen       total 40448K, used 6492K [0x00000000a0000000, 0x00000000a2780000, 0x00000000e0000000)
  object space 40448K, 16% used [0x00000000a0000000,0x00000000a0657188,0x00000000a2780000)
 Metaspace       used 28187K, capacity 28808K, committed 29056K, reserved 1075200K
  class space    used 3895K, capacity 4119K, committed 4224K, reserved 1048576K
}
Event: 10.313 GC heap before
{Heap before GC invocations=10 (full 1):
 PSYoungGen      total 58368K, used 57292K [0x00000000e0000000, 0x00000000e4200000, 0x0000000100000000)
  eden space 49152K, 100% used [0x00000000e0000000,0x00000000e3000000,0x00000000e3000000)
  from space 9216K, 88% used [0x00000000e3900000,0x00000000e40f3170,0x00000000e4200000)
  to   space 9216K, 0% used [0x00000000e3000000,0x00000000e3000000,0x00000000e3900000)
 ParOldGen       total 40448K, used 6492K [0x00000000a0000000, 0x00000000a2780000, 0x00000000e0000000)
  object space 40448K, 16% used [0x00000000a0000000,0x00000000a0657188,0x00000000a2780000)
 Metaspace       used 31285K, capacity 31958K, committed 32256K, reserved 1077248K
  class space    used 4294K, capacity 4552K, committed 4608K, reserved 1048576K
Event: 10.326 GC heap after
Heap after GC invocations=10 (full 1):
 PSYoungGen      total 58368K, used 8055K [0x00000000e0000000, 0x00000000e4200000, 0x0000000100000000)
  eden space 49152K, 0% used [0x00000000e0000000,0x00000000e0000000,0x00000000e3000000)
  from space 9216K, 87% used [0x00000000e3000000,0x00000000e37dde80,0x00000000e3900000)
  to   space 9216K, 0% used [0x00000000e3900000,0x00000000e3900000,0x00000000e4200000)
 ParOldGen       total 40448K, used 6564K [0x00000000a0000000, 0x00000000a2780000, 0x00000000e0000000)
  object space 40448K, 16% used [0x00000000a0000000,0x00000000a0669198,0x00000000a2780000)
 Metaspace       used 31285K, capacity 31958K, committed 32256K, reserved 1077248K
  class space    used 4294K, capacity 4552K, committed 4608K, reserved 1048576K
}
Event: 12.002 GC heap before
{Heap before GC invocations=11 (full 1):
 PSYoungGen      total 58368K, used 55435K [0x00000000e0000000, 0x00000000e4200000, 0x0000000100000000)
  eden space 49152K, 96% used [0x00000000e0000000,0x00000000e2e45040,0x00000000e3000000)
  from space 9216K, 87% used [0x00000000e3000000,0x00000000e37dde80,0x00000000e3900000)
  to   space 9216K, 0% used [0x00000000e3900000,0x00000000e3900000,0x00000000e4200000)
 ParOldGen       total 40448K, used 6564K [0x00000000a0000000, 0x00000000a2780000, 0x00000000e0000000)
  object space 40448K, 16% used [0x00000000a0000000,0x00000000a0669198,0x00000000a2780000)
 Metaspace       used 34538K, capacity 35284K, committed 35416K, reserved 1079296K
  class space    used 4700K, capacity 5006K, committed 5120K, reserved 1048576K
Event: 12.012 GC heap after
Heap after GC invocations=11 (full 1):
 PSYoungGen      total 57856K, used 5106K [0x00000000e0000000, 0x00000000e5700000, 0x0000000100000000)
  eden space 48640K, 0% used [0x00000000e0000000,0x00000000e0000000,0x00000000e2f80000)
  from space 9216K, 55% used [0x00000000e3900000,0x00000000e3dfcb70,0x00000000e4200000)
  to   space 9728K, 0% used [0x00000000e2f80000,0x00000000e2f80000,0x00000000e3900000)
 ParOldGen       total 40448K, used 11795K [0x00000000a0000000, 0x00000000a2780000, 0x00000000e0000000)
  object space 40448K, 29% used [0x00000000a0000000,0x00000000a0b84ee0,0x00000000a2780000)
 Metaspace       used 34538K, capacity 35284K, committed 35416K, reserved 1079296K
  class space    used 4700K, capacity 5006K, committed 5120K, reserved 1048576K
}
Event: 12.012 GC heap before
{Heap before GC invocations=12 (full 2):
 PSYoungGen      total 57856K, used 5106K [0x00000000e0000000, 0x00000000e5700000, 0x0000000100000000)
  eden space 48640K, 0% used [0x00000000e0000000,0x00000000e0000000,0x00000000e2f80000)
  from space 9216K, 55% used [0x00000000e3900000,0x00000000e3dfcb70,0x00000000e4200000)
  to   space 9728K, 0% used [0x00000000e2f80000,0x00000000e2f80000,0x00000000e3900000)
 ParOldGen       total 40448K, used 11795K [0x00000000a0000000, 0x00000000a2780000, 0x00000000e0000000)
  object space 40448K, 29% used [0x00000000a0000000,0x00000000a0b84ee0,0x00000000a2780000)
 Metaspace       used 34538K, capacity 35284K, committed 35416K, reserved 1079296K
  class space    used 4700K, capacity 5006K, committed 5120K, reserved 1048576K
Event: 12.197 GC heap after
Heap after GC invocations=12 (full 2):
 PSYoungGen      total 57856K, used 0K [0x00000000e0000000, 0x00000000e5700000, 0x0000000100000000)
  eden space 48640K, 0% used [0x00000000e0000000,0x00000000e0000000,0x00000000e2f80000)
  from space 9216K, 0% used [0x00000000e3900000,0x00000000e3900000,0x00000000e4200000)
  to   space 9728K, 0% used [0x00000000e2f80000,0x00000000e2f80000,0x00000000e3900000)
 ParOldGen       total 40448K, used 16287K [0x00000000a0000000, 0x00000000a2780000, 0x00000000e0000000)
  object space 40448K, 40% used [0x00000000a0000000,0x00000000a0fe7c50,0x00000000a2780000)
 Metaspace       used 34538K, capacity 35284K, committed 35416K, reserved 1079296K
  class space    used 4700K, capacity 5006K, committed 5120K, reserved 1048576K
}

