# JRE version: OpenJDK Runtime Environment (8.0_152-b01) (build 1.8.0_152-release-915-b01)
# Java VM: OpenJDK 64-Bit Server VM (25.152-b01 mixed mode windows-amd64 compressed oops)
Heap:
 PSYoungGen      total 138240K, used 24342K [0x00000000e0000000, 0x00000000ef300000, 0x0000000100000000)
  eden space 123904K, 19% used [0x00000000e0000000,0x00000000e17c5808,0x00000000e7900000)
  from space 14336K, 0% used [0x00000000e7900000,0x00000000e7900000,0x00000000e8700000)
  to   space 13312K, 0% used [0x00000000ee600000,0x00000000ee600000,0x00000000ef300000)
 ParOldGen       total 57856K, used 14503K [0x00000000a0000000, 0x00000000a3880000, 0x00000000e0000000)
  object space 57856K, 25% used [0x00000000a0000000,0x00000000a0e29f80,0x00000000a3880000)
 Metaspace       used 37979K, capacity 38800K, committed 39040K, reserved 1083392K
  class space    used 5150K, capacity 5499K, committed 5504K, reserved 1048576K
GC Heap History (10 events):
Event: 3.618 GC heap before
{Heap before GC invocations=5 (full 1):
 PSYoungGen      total 102400K, used 4064K [0x00000000e0000000, 0x00000000e6800000, 0x0000000100000000)
  eden space 98304K, 0% used [0x00000000e0000000,0x00000000e0000000,0x00000000e6000000)
  from space 4096K, 99% used [0x00000000e6400000,0x00000000e67f8030,0x00000000e6800000)
  to   space 4096K, 0% used [0x00000000e6000000,0x00000000e6000000,0x00000000e6400000)
 ParOldGen       total 65536K, used 10005K [0x00000000a0000000, 0x00000000a4000000, 0x00000000e0000000)
  object space 65536K, 15% used [0x00000000a0000000,0x00000000a09c5540,0x00000000a4000000)
 Metaspace       used 20735K, capacity 21124K, committed 21248K, reserved 1067008K
  class space    used 2879K, capacity 3039K, committed 3072K, reserved 1048576K
Event: 3.708 GC heap after
Heap after GC invocations=5 (full 1):
 PSYoungGen      total 102400K, used 0K [0x00000000e0000000, 0x00000000e6800000, 0x0000000100000000)
  eden space 98304K, 0% used [0x00000000e0000000,0x00000000e0000000,0x00000000e6000000)
  from space 4096K, 0% used [0x00000000e6400000,0x00000000e6400000,0x00000000e6800000)
  to   space 4096K, 0% used [0x00000000e6000000,0x00000000e6000000,0x00000000e6400000)
 ParOldGen       total 57856K, used 9131K [0x00000000a0000000, 0x00000000a3880000, 0x00000000e0000000)
  object space 57856K, 15% used [0x00000000a0000000,0x00000000a08eaef0,0x00000000a3880000)
 Metaspace       used 20735K, capacity 21124K, committed 21248K, reserved 1067008K
  class space    used 2879K, capacity 3039K, committed 3072K, reserved 1048576K
}
Event: 5.897 GC heap before
{Heap before GC invocations=6 (full 1):
 PSYoungGen      total 102400K, used 98304K [0x00000000e0000000, 0x00000000e6800000, 0x0000000100000000)
  eden space 98304K, 100% used [0x00000000e0000000,0x00000000e6000000,0x00000000e6000000)
  from space 4096K, 0% used [0x00000000e6400000,0x00000000e6400000,0x00000000e6800000)
  to   space 4096K, 0% used [0x00000000e6000000,0x00000000e6000000,0x00000000e6400000)
 ParOldGen       total 57856K, used 9131K [0x00000000a0000000, 0x00000000a3880000, 0x00000000e0000000)
  object space 57856K, 15% used [0x00000000a0000000,0x00000000a08eaef0,0x00000000a3880000)
 Metaspace       used 28105K, capacity 28744K, committed 29056K, reserved 1075200K
  class space    used 3896K, capacity 4119K, committed 4224K, reserved 1048576K
Event: 5.914 GC heap after
Heap after GC invocations=6 (full 1):
 PSYoungGen      total 102400K, used 4096K [0x00000000e0000000, 0x00000000e9780000, 0x0000000100000000)
  eden space 98304K, 0% used [0x00000000e0000000,0x00000000e0000000,0x00000000e6000000)
  from space 4096K, 100% used [0x00000000e6000000,0x00000000e6400000,0x00000000e6400000)
  to   space 13312K, 0% used [0x00000000e8a80000,0x00000000e8a80000,0x00000000e9780000)
 ParOldGen       total 57856K, used 15760K [0x00000000a0000000, 0x00000000a3880000, 0x00000000e0000000)
  object space 57856K, 27% used [0x00000000a0000000,0x00000000a0f643c8,0x00000000a3880000)
 Metaspace       used 28105K, capacity 28744K, committed 29056K, reserved 1075200K
  class space    used 3896K, capacity 4119K, committed 4224K, reserved 1048576K
}
Event: 14.784 GC heap before
{Heap before GC invocations=7 (full 1):
 PSYoungGen      total 102400K, used 102400K [0x00000000e0000000, 0x00000000e9780000, 0x0000000100000000)
  eden space 98304K, 100% used [0x00000000e0000000,0x00000000e6000000,0x00000000e6000000)
  from space 4096K, 100% used [0x00000000e6000000,0x00000000e6400000,0x00000000e6400000)
  to   space 13312K, 0% used [0x00000000e8a80000,0x00000000e8a80000,0x00000000e9780000)
 ParOldGen       total 57856K, used 15760K [0x00000000a0000000, 0x00000000a3880000, 0x00000000e0000000)
  object space 57856K, 27% used [0x00000000a0000000,0x00000000a0f643c8,0x00000000a3880000)
 Metaspace       used 34555K, capacity 35284K, committed 35416K, reserved 1079296K
  class space    used 4715K, capacity 5006K, committed 5120K, reserved 1048576K
Event: 14.797 GC heap after
Heap after GC invocations=7 (full 1):
 PSYoungGen      total 134144K, used 10366K [0x00000000e0000000, 0x00000000e9500000, 0x0000000100000000)
  eden space 123392K, 0% used [0x00000000e0000000,0x00000000e0000000,0x00000000e7880000)
  from space 10752K, 96% used [0x00000000e8a80000,0x00000000e949fb88,0x00000000e9500000)
  to   space 14336K, 0% used [0x00000000e7900000,0x00000000e7900000,0x00000000e8700000)
 ParOldGen       total 57856K, used 15832K [0x00000000a0000000, 0x00000000a3880000, 0x00000000e0000000)
  object space 57856K, 27% used [0x00000000a0000000,0x00000000a0f763d8,0x00000000a3880000)
 Metaspace       used 34555K, capacity 35284K, committed 35416K, reserved 1079296K
  class space    used 4715K, capacity 5006K, committed 5120K, reserved 1048576K
}
Event: 14.814 GC heap before
{Heap before GC invocations=8 (full 1):
 PSYoungGen      total 134144K, used 12463K [0x00000000e0000000, 0x00000000e9500000, 0x0000000100000000)
  eden space 123392K, 1% used [0x00000000e0000000,0x00000000e020c3a8,0x00000000e7880000)
  from space 10752K, 96% used [0x00000000e8a80000,0x00000000e949fb88,0x00000000e9500000)
  to   space 14336K, 0% used [0x00000000e7900000,0x00000000e7900000,0x00000000e8700000)
 ParOldGen       total 57856K, used 15832K [0x00000000a0000000, 0x00000000a3880000, 0x00000000e0000000)
  object space 57856K, 27% used [0x00000000a0000000,0x00000000a0f763d8,0x00000000a3880000)
 Metaspace       used 34616K, capacity 35316K, committed 35416K, reserved 1079296K
  class space    used 4725K, capacity 5038K, committed 5120K, reserved 1048576K
Event: 14.825 GC heap after
Heap after GC invocations=8 (full 1):
 PSYoungGen      total 138240K, used 7136K [0x00000000e0000000, 0x00000000ef300000, 0x0000000100000000)
  eden space 123904K, 0% used [0x00000000e0000000,0x00000000e0000000,0x00000000e7900000)
  from space 14336K, 49% used [0x00000000e7900000,0x00000000e7ff8020,0x00000000e8700000)
  to   space 13312K, 0% used [0x00000000ee600000,0x00000000ee600000,0x00000000ef300000)
 ParOldGen       total 57856K, used 15904K [0x00000000a0000000, 0x00000000a3880000, 0x00000000e0000000)
  object space 57856K, 27% used [0x00000000a0000000,0x00000000a0f883e8,0x00000000a3880000)
 Metaspace       used 34616K, capacity 35316K, committed 35416K, reserved 1079296K
  class space    used 4725K, capacity 5038K, committed 5120K, reserved 1048576K
}
Event: 14.825 GC heap before
{Heap before GC invocations=9 (full 2):
 PSYoungGen      total 138240K, used 7136K [0x00000000e0000000, 0x00000000ef300000, 0x0000000100000000)
  eden space 123904K, 0% used [0x00000000e0000000,0x00000000e0000000,0x00000000e7900000)
  from space 14336K, 49% used [0x00000000e7900000,0x00000000e7ff8020,0x00000000e8700000)
  to   space 13312K, 0% used [0x00000000ee600000,0x00000000ee600000,0x00000000ef300000)
 ParOldGen       total 57856K, used 15904K [0x00000000a0000000, 0x00000000a3880000, 0x00000000e0000000)
  object space 57856K, 27% used [0x00000000a0000000,0x00000000a0f883e8,0x00000000a3880000)
 Metaspace       used 34616K, capacity 35316K, committed 35416K, reserved 1079296K
  class space    used 4725K, capacity 5038K, committed 5120K, reserved 1048576K
Event: 14.915 GC heap after
Heap after GC invocations=9 (full 2):
 PSYoungGen      total 138240K, used 0K [0x00000000e0000000, 0x00000000ef300000, 0x0000000100000000)
  eden space 123904K, 0% used [0x00000000e0000000,0x00000000e0000000,0x00000000e7900000)
  from space 14336K, 0% used [0x00000000e7900000,0x00000000e7900000,0x00000000e8700000)
  to   space 13312K, 0% used [0x00000000ee600000,0x00000000ee600000,0x00000000ef300000)
 ParOldGen       total 57856K, used 14503K [0x00000000a0000000, 0x00000000a3880000, 0x00000000e0000000)
  object space 57856K, 25% used [0x00000000a0000000,0x00000000a0e29f80,0x00000000a3880000)
 Metaspace       used 34616K, capacity 35316K, committed 35416K, reserved 1079296K
  class space    used 4725K, capacity 5038K, committed 5120K, reserved 1048576K
}

